<?xml version="1.0" encoding="utf-8"?><testsuites name="pytest tests"><testsuite name="pytest" errors="0" failures="0" skipped="0" tests="23" time="2.860" timestamp="2026-07-06T11:30:23.493282+00:00" hostname="agent-env-9849b3c7-065c-480a-bd85-00f5df931702"><testcase classname="tests.backend_test.TestMarketplace" name="test_hotels_min_8" time="0.005" /><testcase classname="tests.backend_test.TestMarketplace" name="test_hotels_city_kyoto" time="0.043" /><testcase classname="tests.backend_test.TestMarketplace" name="test_hotels_max_price" time="0.514" /><testcase classname="tests.backend_test.TestCommunity" name="test_create_post" time="0.607" /><testcase classname="tests.backend_test.TestMarketplace" name="test_hotels_sort_price" time="0.042" /><testcase classname="tests.backend_test.TestMarketplace" name="test_events_min_6_sorted" time="0.042" /><testcase classname="tests.backend_test.TestCommunity" name="test_create_post_requires_title" time="0.043" /><testcase classname="tests.backend_test.TestCommunity" name="test_list_posts" time="0.043" /><testcase classname="tests.backend_test.TestCommunity" name="test_toggle_like" time="0.338" /><testcase classname="tests.backend_test.TestMarketplace" name="test_book_authed" time="0.395" /><testcase classname="tests.backend_test.TestCommunity" name="test_add_comment" time="0.055" /><testcase classname="tests.backend_test.TestMarketplace" name="test_book_unauthed" time="0.048" /><testcase classname="tests.backend_test.TestAnime" name="test_list_anime_returns_25" time="0.044" /><testcase classname="tests.backend_test.TestCommunity" name="test_post_requires_auth" time="0.002" /><testcase classname="tests.backend_test.TestAnime" name="test_facets" time="0.005" /><testcase classname="tests.backend_test.TestAuthSecurity" name="test_weak_password_short" time="0.042" /><testcase classname="tests.backend_test.TestAnime" name="test_filter_by_genre_music" time="0.042" /><testcase classname="tests.backend_test.TestAuthSecurity" name="test_weak_password_no_digit" time="0.042" /><testcase classname="tests.backend_test.TestAnime" name="test_search_frieren" time="0.043" /><testcase classname="tests.backend_test.TestAuthSecurity" name="test_name_sanitized" time="0.268" /><testcase classname="tests.backend_test.TestAnime" name="test_locations_44" time="0.265" /><testcase classname="tests.backend_test.TestAuthSecurity" name="test_login_wrong_password_401" time="0.265" /><testcase classname="tests.backend_test.TestLogin" name="test_login_success" time="0.505" /></testsuite></testsuites>